Using pre-set license
Built from '2021.1/staging' branch; Version is '2021.1.15f1 (e767a7370072) revision 15165351'; Using compiler version '192528614'; Build Type 'Release'
OS: 'Windows 10 Pro Education; OS build 19042.1110; Version 2009; 64bit' Language: 'en' Physical Memory: 16180 MB
BatchMode: 1, IsHumanControllingUs: 0, StartBugReporterOnCrash: 0, Is64bit: 1, IsPro: 0

 COMMAND LINE ARGUMENTS:
C:\Program Files\Unity 2021.1.15f1\Editor\Unity.exe
-adb2
-batchMode
-noUpm
-name
AssetImportWorker0
-projectPath
C:/Users/hillaid22/Documents/GitHub/Proto2_Hill/Proto2_Hill
-logFile
Logs/AssetImportWorker0.log
-srvPort
59664
Successfully changed project path to: C:/Users/hillaid22/Documents/GitHub/Proto2_Hill/Proto2_Hill
C:/Users/hillaid22/Documents/GitHub/Proto2_Hill/Proto2_Hill
Using Asset Import Pipeline V2.
Refreshing native plugins compatible for Editor in 69.08 ms, found 3 plugins.
Preloading 0 native plugins for Editor in 0.00 ms.
Initialize engine version: 2021.1.15f1 (e767a7370072)
[Subsystems] Discovering subsystems at path C:/Program Files/Unity 2021.1.15f1/Editor/Data/Resources/UnitySubsystems
[Subsystems] Discovering subsystems at path C:/Users/hillaid22/Documents/GitHub/Proto2_Hill/Proto2_Hill/Assets
GfxDevice: creating device client; threaded=0; jobified=0
Direct3D:
    Version:  Direct3D 11.0 [level 11.1]
    Renderer: AMD Radeon Pro WX 3100 (ID=0x6985)
    Vendor:   ATI
    VRAM:     4041 MB
    Driver:   27.20.14524.3001
Initialize mono
Mono path[0] = 'C:/Program Files/Unity 2021.1.15f1/Editor/Data/Managed'
Mono path[1] = 'C:/Program Files/Unity 2021.1.15f1/Editor/Data/MonoBleedingEdge/lib/mono/unityjit'
Mono config path = 'C:/Program Files/Unity 2021.1.15f1/Editor/Data/MonoBleedingEdge/etc'
Using monoOptions --debugger-agent=transport=dt_socket,embedding=1,server=y,suspend=n,address=127.0.0.1:56420
Begin MonoManager ReloadAssembly
Registering precompiled unity dll's ...
Register platform support module: C:/Program Files/Unity 2021.1.15f1/Editor/Data/PlaybackEngines/WindowsStandaloneSupport/UnityEditor.WindowsStandalone.Extensions.dll
Registered in 0.002497 seconds.
Native extension for WindowsStandalone target not found
Refreshing native plugins compatible for Editor in 67.98 ms, found 3 plugins.
Preloading 0 native plugins for Editor in 0.00 ms.
Mono: successfully reloaded assembly
- Completed reload, in  1.262 seconds
Domain Reload Profiling:
	ReloadAssembly (1262ms)
		BeginReloadAssembly (70ms)
			ExecutionOrderSort (0ms)
			DisableScriptedObjects (0ms)
			BackupInstance (0ms)
			ReleaseScriptingObjects (0ms)
			CreateAndSetChildDomain (1ms)
		EndReloadAssembly (427ms)
			LoadAssemblies (68ms)
			RebuildTransferFunctionScriptingTraits (0ms)
			SetupTypeCache (155ms)
			ReleaseScriptCaches (0ms)
			RebuildScriptCaches (29ms)
			SetupLoadedEditorAssemblies (196ms)
				LogAssemblyErrors (0ms)
				InitializePlatformSupportModulesInManaged (6ms)
				SetLoadedEditorAssemblies (0ms)
				RefreshPlugins (68ms)
				BeforeProcessingInitializeOnLoad (1ms)
				ProcessInitializeOnLoadAttributes (94ms)
				ProcessInitializeOnLoadMethodAttributes (27ms)
				AfterProcessingInitializeOnLoad (0ms)
				EditorAssembliesLoaded (0ms)
			ExecutionOrderSort2 (0ms)
			AwakeInstancesAfterBackupRestoration (0ms)
Platform modules already initialized, skipping
Registering precompiled user dll's ...
Registered in 0.010198 seconds.
Begin MonoManager ReloadAssembly
Symbol file LoadedFromMemory doesn't match image C:\Users\hillaid22\Documents\GitHub\Proto2_Hill\Proto2_Hill\Library\PackageCache\com.unity.visualscripting@1.6.1\Editor\VisualScripting.Core\Dependencies\YamlDotNet\Unity.VisualScripting.YamlDotNet.dll
Symbol file LoadedFromMemory doesn't match image C:\Users\hillaid22\Documents\GitHub\Proto2_Hill\Proto2_Hill\Library\PackageCache\com.unity.visualscripting@1.6.1\Editor\VisualScripting.Core\Dependencies\DotNetZip\Unity.VisualScripting.IonicZip.dll
Native extension for WindowsStandalone target not found
Refreshing native plugins compatible for Editor in 0.86 ms, found 3 plugins.
Preloading 0 native plugins for Editor in 0.00 ms.
Mono: successfully reloaded assembly
- Completed reload, in  1.088 seconds
Domain Reload Profiling:
	ReloadAssembly (1088ms)
		BeginReloadAssembly (159ms)
			ExecutionOrderSort (0ms)
			DisableScriptedObjects (4ms)
			BackupInstance (0ms)
			ReleaseScriptingObjects (0ms)
			CreateAndSetChildDomain (20ms)
		EndReloadAssembly (871ms)
			LoadAssemblies (114ms)
			RebuildTransferFunctionScriptingTraits (0ms)
			SetupTypeCache (328ms)
			ReleaseScriptCaches (1ms)
			RebuildScriptCaches (49ms)
			SetupLoadedEditorAssemblies (302ms)
				LogAssemblyErrors (0ms)
				InitializePlatformSupportModulesInManaged (7ms)
				SetLoadedEditorAssemblies (0ms)
				RefreshPlugins (1ms)
				BeforeProcessingInitializeOnLoad (67ms)
				ProcessInitializeOnLoadAttributes (214ms)
				ProcessInitializeOnLoadMethodAttributes (4ms)
				AfterProcessingInitializeOnLoad (8ms)
				EditorAssembliesLoaded (0ms)
			ExecutionOrderSort2 (0ms)
			AwakeInstancesAfterBackupRestoration (6ms)
Platform modules already initialized, skipping
========================================================================
Worker process is ready to serve import requests
Launched and connected shader compiler UnityShaderCompiler.exe after 0.27 seconds
Refreshing native plugins compatible for Editor in 0.56 ms, found 3 plugins.
Preloading 0 native plugins for Editor in 0.00 ms.
Unloading 2946 Unused Serialized files (Serialized files now loaded: 0)
System memory in use before: 106.1 MB.
System memory in use after: 106.3 MB.

Unloading 23 unused Assets to reduce memory usage. Loaded Objects now: 3391.
Total: 2.193100 ms (FindLiveObjects: 0.245400 ms CreateObjectMapping: 0.140200 ms MarkObjects: 1.728400 ms  DeleteObjects: 0.078100 ms)

AssetImportParameters requested are different than current active one (requested -> active):
  custom:framework-win-MediaFoundation: 216162199b28c13a410421893ffa2e32 -> 
  custom:video-decoder-ogg-theora: a1e56fd34408186e4bbccfd4996cb3dc -> 
  custom:container-muxer-webm: aa71ff27fc2769a1b78a27578f13a17b -> 
  custom:container-demuxer-webm: 4f35f7cbe854078d1ac9338744f61a02 -> 
  custom:container-demuxer-ogg: 62fdf1f143b41e24485cea50d1cbac27 -> 
  custom:video-encoder-webm-vp8: eb34c28f22e8b96e1ab97ce403110664 -> 
  custom:video-decoder-webm-vp8: 9c59270c3fd7afecdb556c50c9e8de78 -> 
  custom:audio-decoder-ogg-vorbis: bf7c407c2cedff20999df2af8eb42d56 -> 
  custom:audio-encoder-webm-vorbis: bf7c407c2cedff20999df2af8eb42d56 -> 
========================================================================
Received Import Request.
  path: Assets/Script/SpawnManager.cs
  artifactKey: Guid(e77bd39ff0590e148bbfd62f77692ba5) Importer(815301076,1909f56bfc062723c751e8b465ee728b)
Start importing Assets/Script/SpawnManager.cs using Guid(e77bd39ff0590e148bbfd62f77692ba5) Importer(815301076,1909f56bfc062723c751e8b465ee728b)  -> (artifact id: '8825986043e32884de5aa8cb9d72659d') in 0.028018 seconds 
========================================================================
Received Prepare
Registering precompiled user dll's ...
Registered in 0.009345 seconds.
Begin MonoManager ReloadAssembly
Symbol file LoadedFromMemory doesn't match image C:\Users\hillaid22\Documents\GitHub\Proto2_Hill\Proto2_Hill\Library\PackageCache\com.unity.visualscripting@1.6.1\Editor\VisualScripting.Core\Dependencies\YamlDotNet\Unity.VisualScripting.YamlDotNet.dll
Symbol file LoadedFromMemory doesn't match image C:\Users\hillaid22\Documents\GitHub\Proto2_Hill\Proto2_Hill\Library\PackageCache\com.unity.visualscripting@1.6.1\Editor\VisualScripting.Core\Dependencies\DotNetZip\Unity.VisualScripting.IonicZip.dll
Native extension for WindowsStandalone target not found
Refreshing native plugins compatible for Editor in 0.67 ms, found 3 plugins.
Preloading 0 native plugins for Editor in 0.00 ms.
Mono: successfully reloaded assembly
- Completed reload, in  1.101 seconds
Domain Reload Profiling:
	ReloadAssembly (1101ms)
		BeginReloadAssembly (146ms)
			ExecutionOrderSort (0ms)
			DisableScriptedObjects (5ms)
			BackupInstance (0ms)
			ReleaseScriptingObjects (0ms)
			CreateAndSetChildDomain (36ms)
		EndReloadAssembly (890ms)
			LoadAssemblies (121ms)
			RebuildTransferFunctionScriptingTraits (0ms)
			SetupTypeCache (349ms)
			ReleaseScriptCaches (1ms)
			RebuildScriptCaches (40ms)
			SetupLoadedEditorAssemblies (294ms)
				LogAssemblyErrors (0ms)
				InitializePlatformSupportModulesInManaged (5ms)
				SetLoadedEditorAssemblies (1ms)
				RefreshPlugins (1ms)
				BeforeProcessingInitializeOnLoad (57ms)
				ProcessInitializeOnLoadAttributes (217ms)
				ProcessInitializeOnLoadMethodAttributes (5ms)
				AfterProcessingInitializeOnLoad (9ms)
				EditorAssembliesLoaded (0ms)
			ExecutionOrderSort2 (0ms)
			AwakeInstancesAfterBackupRestoration (8ms)
Platform modules already initialized, skipping
Refreshing native plugins compatible for Editor in 0.66 ms, found 3 plugins.
Preloading 0 native plugins for Editor in 0.00 ms.
Unloading 2941 Unused Serialized files (Serialized files now loaded: 0)
System memory in use before: 106.1 MB.
System memory in use after: 106.3 MB.

Unloading 18 unused Assets to reduce memory usage. Loaded Objects now: 3394.
Total: 2.488500 ms (FindLiveObjects: 0.217400 ms CreateObjectMapping: 0.152000 ms MarkObjects: 2.069900 ms  DeleteObjects: 0.048400 ms)

AssetImportParameters requested are different than current active one (requested -> active):
  custom:framework-win-MediaFoundation: 216162199b28c13a410421893ffa2e32 -> 
  custom:video-decoder-ogg-theora: a1e56fd34408186e4bbccfd4996cb3dc -> 
  custom:container-muxer-webm: aa71ff27fc2769a1b78a27578f13a17b -> 
  custom:container-demuxer-webm: 4f35f7cbe854078d1ac9338744f61a02 -> 
  custom:container-demuxer-ogg: 62fdf1f143b41e24485cea50d1cbac27 -> 
  custom:video-encoder-webm-vp8: eb34c28f22e8b96e1ab97ce403110664 -> 
  custom:video-decoder-webm-vp8: 9c59270c3fd7afecdb556c50c9e8de78 -> 
  custom:audio-decoder-ogg-vorbis: bf7c407c2cedff20999df2af8eb42d56 -> 
  custom:audio-encoder-webm-vorbis: bf7c407c2cedff20999df2af8eb42d56 -> 
========================================================================
Received Import Request.
  Time since last request: 44.605483 seconds.
  path: Assets/Script/DestroyOffScreen.cs
  artifactKey: Guid(0af265fe04cdebd4c98cdd26085a4e82) Importer(815301076,1909f56bfc062723c751e8b465ee728b)
Start importing Assets/Script/DestroyOffScreen.cs using Guid(0af265fe04cdebd4c98cdd26085a4e82) Importer(815301076,1909f56bfc062723c751e8b465ee728b)  -> (artifact id: '47bf3470f5ad0d29878827ac7158746d') in 0.007467 seconds 
========================================================================
Received Prepare
Registering precompiled user dll's ...
Registered in 0.009492 seconds.
Begin MonoManager ReloadAssembly
Symbol file LoadedFromMemory doesn't match image C:\Users\hillaid22\Documents\GitHub\Proto2_Hill\Proto2_Hill\Library\PackageCache\com.unity.visualscripting@1.6.1\Editor\VisualScripting.Core\Dependencies\YamlDotNet\Unity.VisualScripting.YamlDotNet.dll
Symbol file LoadedFromMemory doesn't match image C:\Users\hillaid22\Documents\GitHub\Proto2_Hill\Proto2_Hill\Library\PackageCache\com.unity.visualscripting@1.6.1\Editor\VisualScripting.Core\Dependencies\DotNetZip\Unity.VisualScripting.IonicZip.dll
Native extension for WindowsStandalone target not found
Refreshing native plugins compatible for Editor in 0.50 ms, found 3 plugins.
Preloading 0 native plugins for Editor in 0.00 ms.
Mono: successfully reloaded assembly
- Completed reload, in  0.957 seconds
Domain Reload Profiling:
	ReloadAssembly (957ms)
		BeginReloadAssembly (131ms)
			ExecutionOrderSort (0ms)
			DisableScriptedObjects (5ms)
			BackupInstance (0ms)
			ReleaseScriptingObjects (0ms)
			CreateAndSetChildDomain (36ms)
		EndReloadAssembly (769ms)
			LoadAssemblies (105ms)
			RebuildTransferFunctionScriptingTraits (0ms)
			SetupTypeCache (293ms)
			ReleaseScriptCaches (1ms)
			RebuildScriptCaches (36ms)
			SetupLoadedEditorAssemblies (262ms)
				LogAssemblyErrors (0ms)
				InitializePlatformSupportModulesInManaged (4ms)
				SetLoadedEditorAssemblies (0ms)
				RefreshPlugins (1ms)
				BeforeProcessingInitializeOnLoad (52ms)
				ProcessInitializeOnLoadAttributes (193ms)
				ProcessInitializeOnLoadMethodAttributes (4ms)
				AfterProcessingInitializeOnLoad (8ms)
				EditorAssembliesLoaded (0ms)
			ExecutionOrderSort2 (0ms)
			AwakeInstancesAfterBackupRestoration (7ms)
Platform modules already initialized, skipping
Refreshing native plugins compatible for Editor in 0.51 ms, found 3 plugins.
Preloading 0 native plugins for Editor in 0.00 ms.
Unloading 2941 Unused Serialized files (Serialized files now loaded: 0)
System memory in use before: 106.2 MB.
System memory in use after: 106.4 MB.

Unloading 18 unused Assets to reduce memory usage. Loaded Objects now: 3397.
Total: 2.099800 ms (FindLiveObjects: 0.216100 ms CreateObjectMapping: 0.139900 ms MarkObjects: 1.698200 ms  DeleteObjects: 0.044500 ms)

AssetImportParameters requested are different than current active one (requested -> active):
  custom:framework-win-MediaFoundation: 216162199b28c13a410421893ffa2e32 -> 
  custom:video-decoder-ogg-theora: a1e56fd34408186e4bbccfd4996cb3dc -> 
  custom:container-muxer-webm: aa71ff27fc2769a1b78a27578f13a17b -> 
  custom:container-demuxer-webm: 4f35f7cbe854078d1ac9338744f61a02 -> 
  custom:container-demuxer-ogg: 62fdf1f143b41e24485cea50d1cbac27 -> 
  custom:video-encoder-webm-vp8: eb34c28f22e8b96e1ab97ce403110664 -> 
  custom:video-decoder-webm-vp8: 9c59270c3fd7afecdb556c50c9e8de78 -> 
  custom:audio-decoder-ogg-vorbis: bf7c407c2cedff20999df2af8eb42d56 -> 
  custom:audio-encoder-webm-vorbis: bf7c407c2cedff20999df2af8eb42d56 -> 
========================================================================
Received Prepare
Registering precompiled user dll's ...
Registered in 0.009225 seconds.
Begin MonoManager ReloadAssembly
Symbol file LoadedFromMemory doesn't match image C:\Users\hillaid22\Documents\GitHub\Proto2_Hill\Proto2_Hill\Library\PackageCache\com.unity.visualscripting@1.6.1\Editor\VisualScripting.Core\Dependencies\YamlDotNet\Unity.VisualScripting.YamlDotNet.dll
Symbol file LoadedFromMemory doesn't match image C:\Users\hillaid22\Documents\GitHub\Proto2_Hill\Proto2_Hill\Library\PackageCache\com.unity.visualscripting@1.6.1\Editor\VisualScripting.Core\Dependencies\DotNetZip\Unity.VisualScripting.IonicZip.dll
Native extension for WindowsStandalone target not found
Refreshing native plugins compatible for Editor in 0.51 ms, found 3 plugins.
Preloading 0 native plugins for Editor in 0.00 ms.
Mono: successfully reloaded assembly
- Completed reload, in  0.949 seconds
Domain Reload Profiling:
	ReloadAssembly (949ms)
		BeginReloadAssembly (124ms)
			ExecutionOrderSort (0ms)
			DisableScriptedObjects (4ms)
			BackupInstance (0ms)
			ReleaseScriptingObjects (0ms)
			CreateAndSetChildDomain (33ms)
		EndReloadAssembly (768ms)
			LoadAssemblies (106ms)
			RebuildTransferFunctionScriptingTraits (0ms)
			SetupTypeCache (299ms)
			ReleaseScriptCaches (1ms)
			RebuildScriptCaches (36ms)
			SetupLoadedEditorAssemblies (256ms)
				LogAssemblyErrors (0ms)
				InitializePlatformSupportModulesInManaged (4ms)
				SetLoadedEditorAssemblies (0ms)
				RefreshPlugins (1ms)
				BeforeProcessingInitializeOnLoad (48ms)
				ProcessInitializeOnLoadAttributes (191ms)
				ProcessInitializeOnLoadMethodAttributes (4ms)
				AfterProcessingInitializeOnLoad (8ms)
				EditorAssembliesLoaded (0ms)
			ExecutionOrderSort2 (0ms)
			AwakeInstancesAfterBackupRestoration (6ms)
Platform modules already initialized, skipping
Refreshing native plugins compatible for Editor in 0.50 ms, found 3 plugins.
Preloading 0 native plugins for Editor in 0.00 ms.
Unloading 2941 Unused Serialized files (Serialized files now loaded: 0)
System memory in use before: 106.2 MB.
System memory in use after: 106.4 MB.

Unloading 18 unused Assets to reduce memory usage. Loaded Objects now: 3400.
Total: 2.540500 ms (FindLiveObjects: 0.208600 ms CreateObjectMapping: 0.154700 ms MarkObjects: 2.113600 ms  DeleteObjects: 0.062400 ms)

AssetImportParameters requested are different than current active one (requested -> active):
  custom:framework-win-MediaFoundation: 216162199b28c13a410421893ffa2e32 -> 
  custom:video-decoder-ogg-theora: a1e56fd34408186e4bbccfd4996cb3dc -> 
  custom:container-muxer-webm: aa71ff27fc2769a1b78a27578f13a17b -> 
  custom:container-demuxer-webm: 4f35f7cbe854078d1ac9338744f61a02 -> 
  custom:container-demuxer-ogg: 62fdf1f143b41e24485cea50d1cbac27 -> 
  custom:video-encoder-webm-vp8: eb34c28f22e8b96e1ab97ce403110664 -> 
  custom:video-decoder-webm-vp8: 9c59270c3fd7afecdb556c50c9e8de78 -> 
  custom:audio-decoder-ogg-vorbis: bf7c407c2cedff20999df2af8eb42d56 -> 
  custom:audio-encoder-webm-vorbis: bf7c407c2cedff20999df2af8eb42d56 -> 
========================================================================
Received Import Request.
  Time since last request: 198.207198 seconds.
  path: Assets/prefabs/Animal_Moose_01.prefab
  artifactKey: Guid(4132add8eb569324886612c6070f0c91) Importer(815301076,1909f56bfc062723c751e8b465ee728b)
Start importing Assets/prefabs/Animal_Moose_01.prefab using Guid(4132add8eb569324886612c6070f0c91) Importer(815301076,1909f56bfc062723c751e8b465ee728b)  -> (artifact id: 'a19e061bfa3a0976fdd82322a99d337d') in 0.105366 seconds 
========================================================================
Received Import Request.
  Time since last request: 8.964206 seconds.
  path: Assets/prefabs/Animal_Moose_02.prefab
  artifactKey: Guid(ae1566c6c6aa1484fbbcc7b54837e6cf) Importer(815301076,1909f56bfc062723c751e8b465ee728b)
Start importing Assets/prefabs/Animal_Moose_02.prefab using Guid(ae1566c6c6aa1484fbbcc7b54837e6cf) Importer(815301076,1909f56bfc062723c751e8b465ee728b)  -> (artifact id: '499663679e331fac488542043ed8a186') in 0.018618 seconds 
========================================================================
Received Prepare
Registering precompiled user dll's ...
Registered in 0.009801 seconds.
Begin MonoManager ReloadAssembly
Symbol file LoadedFromMemory doesn't match image C:\Users\hillaid22\Documents\GitHub\Proto2_Hill\Proto2_Hill\Library\PackageCache\com.unity.visualscripting@1.6.1\Editor\VisualScripting.Core\Dependencies\YamlDotNet\Unity.VisualScripting.YamlDotNet.dll
Symbol file LoadedFromMemory doesn't match image C:\Users\hillaid22\Documents\GitHub\Proto2_Hill\Proto2_Hill\Library\PackageCache\com.unity.visualscripting@1.6.1\Editor\VisualScripting.Core\Dependencies\DotNetZip\Unity.VisualScripting.IonicZip.dll
Native extension for WindowsStandalone target not found
Refreshing native plugins compatible for Editor in 0.52 ms, found 3 plugins.
Preloading 0 native plugins for Editor in 0.00 ms.
Mono: successfully reloaded assembly
- Completed reload, in  0.956 seconds
Domain Reload Profiling:
	ReloadAssembly (957ms)
		BeginReloadAssembly (129ms)
			ExecutionOrderSort (0ms)
			DisableScriptedObjects (4ms)
			BackupInstance (0ms)
			ReleaseScriptingObjects (0ms)
			CreateAndSetChildDomain (32ms)
		EndReloadAssembly (770ms)
			LoadAssemblies (106ms)
			RebuildTransferFunctionScriptingTraits (0ms)
			SetupTypeCache (299ms)
			ReleaseScriptCaches (1ms)
			RebuildScriptCaches (35ms)
			SetupLoadedEditorAssemblies (255ms)
				LogAssemblyErrors (0ms)
				InitializePlatformSupportModulesInManaged (4ms)
				SetLoadedEditorAssemblies (0ms)
				RefreshPlugins (1ms)
				BeforeProcessingInitializeOnLoad (51ms)
				ProcessInitializeOnLoadAttributes (188ms)
				ProcessInitializeOnLoadMethodAttributes (4ms)
				AfterProcessingInitializeOnLoad (8ms)
				EditorAssembliesLoaded (0ms)
			ExecutionOrderSort2 (0ms)
			AwakeInstancesAfterBackupRestoration (6ms)
Platform modules already initialized, skipping
Refreshing native plugins compatible for Editor in 0.54 ms, found 3 plugins.
Preloading 0 native plugins for Editor in 0.00 ms.
Unloading 2941 Unused Serialized files (Serialized files now loaded: 0)
System memory in use before: 123.7 MB.
System memory in use after: 123.9 MB.

Unloading 18 unused Assets to reduce memory usage. Loaded Objects now: 3411.
Total: 2.264100 ms (FindLiveObjects: 0.206100 ms CreateObjectMapping: 0.108900 ms MarkObjects: 1.905900 ms  DeleteObjects: 0.042600 ms)

AssetImportParameters requested are different than current active one (requested -> active):
  custom:framework-win-MediaFoundation: 216162199b28c13a410421893ffa2e32 -> 
  custom:video-decoder-ogg-theora: a1e56fd34408186e4bbccfd4996cb3dc -> 
  custom:container-muxer-webm: aa71ff27fc2769a1b78a27578f13a17b -> 
  custom:container-demuxer-webm: 4f35f7cbe854078d1ac9338744f61a02 -> 
  custom:container-demuxer-ogg: 62fdf1f143b41e24485cea50d1cbac27 -> 
  custom:video-encoder-webm-vp8: eb34c28f22e8b96e1ab97ce403110664 -> 
  custom:video-decoder-webm-vp8: 9c59270c3fd7afecdb556c50c9e8de78 -> 
  custom:audio-decoder-ogg-vorbis: bf7c407c2cedff20999df2af8eb42d56 -> 
  custom:audio-encoder-webm-vorbis: bf7c407c2cedff20999df2af8eb42d56 -> 
========================================================================
Received Prepare
Registering precompiled user dll's ...
Registered in 0.009440 seconds.
Begin MonoManager ReloadAssembly
Symbol file LoadedFromMemory doesn't match image C:\Users\hillaid22\Documents\GitHub\Proto2_Hill\Proto2_Hill\Library\PackageCache\com.unity.visualscripting@1.6.1\Editor\VisualScripting.Core\Dependencies\YamlDotNet\Unity.VisualScripting.YamlDotNet.dll
Symbol file LoadedFromMemory doesn't match image C:\Users\hillaid22\Documents\GitHub\Proto2_Hill\Proto2_Hill\Library\PackageCache\com.unity.visualscripting@1.6.1\Editor\VisualScripting.Core\Dependencies\DotNetZip\Unity.VisualScripting.IonicZip.dll
Native extension for WindowsStandalone target not found
Refreshing native plugins compatible for Editor in 0.52 ms, found 3 plugins.
Preloading 0 native plugins for Editor in 0.00 ms.
Mono: successfully reloaded assembly
- Completed reload, in  0.988 seconds
Domain Reload Profiling:
	ReloadAssembly (989ms)
		BeginReloadAssembly (135ms)
			ExecutionOrderSort (0ms)
			DisableScriptedObjects (4ms)
			BackupInstance (0ms)
			ReleaseScriptingObjects (0ms)
			CreateAndSetChildDomain (32ms)
		EndReloadAssembly (795ms)
			LoadAssemblies (114ms)
			RebuildTransferFunctionScriptingTraits (0ms)
			SetupTypeCache (312ms)
			ReleaseScriptCaches (1ms)
			RebuildScriptCaches (35ms)
			SetupLoadedEditorAssemblies (267ms)
				LogAssemblyErrors (0ms)
				InitializePlatformSupportModulesInManaged (4ms)
				SetLoadedEditorAssemblies (0ms)
				RefreshPlugins (1ms)
				BeforeProcessingInitializeOnLoad (49ms)
				ProcessInitializeOnLoadAttributes (200ms)
				ProcessInitializeOnLoadMethodAttributes (4ms)
				AfterProcessingInitializeOnLoad (8ms)
				EditorAssembliesLoaded (0ms)
			ExecutionOrderSort2 (0ms)
			AwakeInstancesAfterBackupRestoration (6ms)
Platform modules already initialized, skipping
Refreshing native plugins compatible for Editor in 0.63 ms, found 3 plugins.
Preloading 0 native plugins for Editor in 0.00 ms.
Unloading 2941 Unused Serialized files (Serialized files now loaded: 0)
System memory in use before: 123.7 MB.
System memory in use after: 123.9 MB.

Unloading 18 unused Assets to reduce memory usage. Loaded Objects now: 3414.
Total: 2.316600 ms (FindLiveObjects: 0.204400 ms CreateObjectMapping: 0.097900 ms MarkObjects: 1.968000 ms  DeleteObjects: 0.044800 ms)

AssetImportParameters requested are different than current active one (requested -> active):
  custom:framework-win-MediaFoundation: 216162199b28c13a410421893ffa2e32 -> 
  custom:video-decoder-ogg-theora: a1e56fd34408186e4bbccfd4996cb3dc -> 
  custom:container-muxer-webm: aa71ff27fc2769a1b78a27578f13a17b -> 
  custom:container-demuxer-webm: 4f35f7cbe854078d1ac9338744f61a02 -> 
  custom:container-demuxer-ogg: 62fdf1f143b41e24485cea50d1cbac27 -> 
  custom:video-encoder-webm-vp8: eb34c28f22e8b96e1ab97ce403110664 -> 
  custom:video-decoder-webm-vp8: 9c59270c3fd7afecdb556c50c9e8de78 -> 
  custom:audio-decoder-ogg-vorbis: bf7c407c2cedff20999df2af8eb42d56 -> 
  custom:audio-encoder-webm-vorbis: bf7c407c2cedff20999df2af8eb42d56 -> 
========================================================================
Received Prepare
Registering precompiled user dll's ...
Registered in 0.009459 seconds.
Begin MonoManager ReloadAssembly
Symbol file LoadedFromMemory doesn't match image C:\Users\hillaid22\Documents\GitHub\Proto2_Hill\Proto2_Hill\Library\PackageCache\com.unity.visualscripting@1.6.1\Editor\VisualScripting.Core\Dependencies\YamlDotNet\Unity.VisualScripting.YamlDotNet.dll
Symbol file LoadedFromMemory doesn't match image C:\Users\hillaid22\Documents\GitHub\Proto2_Hill\Proto2_Hill\Library\PackageCache\com.unity.visualscripting@1.6.1\Editor\VisualScripting.Core\Dependencies\DotNetZip\Unity.VisualScripting.IonicZip.dll
Native extension for WindowsStandalone target not found
Refreshing native plugins compatible for Editor in 0.55 ms, found 3 plugins.
Preloading 0 native plugins for Editor in 0.00 ms.
Mono: successfully reloaded assembly
- Completed reload, in  0.952 seconds
Domain Reload Profiling:
	ReloadAssembly (952ms)
		BeginReloadAssembly (127ms)
			ExecutionOrderSort (0ms)
			DisableScriptedObjects (4ms)
			BackupInstance (0ms)
			ReleaseScriptingObjects (0ms)
			CreateAndSetChildDomain (32ms)
		EndReloadAssembly (768ms)
			LoadAssemblies (108ms)
			RebuildTransferFunctionScriptingTraits (0ms)
			SetupTypeCache (291ms)
			ReleaseScriptCaches (1ms)
			RebuildScriptCaches (36ms)
			SetupLoadedEditorAssemblies (262ms)
				LogAssemblyErrors (0ms)
				InitializePlatformSupportModulesInManaged (5ms)
				SetLoadedEditorAssemblies (0ms)
				RefreshPlugins (1ms)
				BeforeProcessingInitializeOnLoad (51ms)
				ProcessInitializeOnLoadAttributes (193ms)
				ProcessInitializeOnLoadMethodAttributes (4ms)
				AfterProcessingInitializeOnLoad (7ms)
				EditorAssembliesLoaded (0ms)
			ExecutionOrderSort2 (0ms)
			AwakeInstancesAfterBackupRestoration (7ms)
Platform modules already initialized, skipping
Refreshing native plugins compatible for Editor in 0.51 ms, found 3 plugins.
Preloading 0 native plugins for Editor in 0.00 ms.
Unloading 2941 Unused Serialized files (Serialized files now loaded: 0)
System memory in use before: 123.7 MB.
System memory in use after: 123.9 MB.

Unloading 18 unused Assets to reduce memory usage. Loaded Objects now: 3417.
Total: 2.429200 ms (FindLiveObjects: 0.305500 ms CreateObjectMapping: 0.183000 ms MarkObjects: 1.886300 ms  DeleteObjects: 0.053100 ms)

AssetImportParameters requested are different than current active one (requested -> active):
  custom:framework-win-MediaFoundation: 216162199b28c13a410421893ffa2e32 -> 
  custom:video-decoder-ogg-theora: a1e56fd34408186e4bbccfd4996cb3dc -> 
  custom:container-muxer-webm: aa71ff27fc2769a1b78a27578f13a17b -> 
  custom:container-demuxer-webm: 4f35f7cbe854078d1ac9338744f61a02 -> 
  custom:container-demuxer-ogg: 62fdf1f143b41e24485cea50d1cbac27 -> 
  custom:video-encoder-webm-vp8: eb34c28f22e8b96e1ab97ce403110664 -> 
  custom:video-decoder-webm-vp8: 9c59270c3fd7afecdb556c50c9e8de78 -> 
  custom:audio-decoder-ogg-vorbis: bf7c407c2cedff20999df2af8eb42d56 -> 
  custom:audio-encoder-webm-vorbis: bf7c407c2cedff20999df2af8eb42d56 -> 
========================================================================
Received Prepare
Registering precompiled user dll's ...
Registered in 0.009522 seconds.
Begin MonoManager ReloadAssembly
Symbol file LoadedFromMemory doesn't match image C:\Users\hillaid22\Documents\GitHub\Proto2_Hill\Proto2_Hill\Library\PackageCache\com.unity.visualscripting@1.6.1\Editor\VisualScripting.Core\Dependencies\YamlDotNet\Unity.VisualScripting.YamlDotNet.dll
Symbol file LoadedFromMemory doesn't match image C:\Users\hillaid22\Documents\GitHub\Proto2_Hill\Proto2_Hill\Library\PackageCache\com.unity.visualscripting@1.6.1\Editor\VisualScripting.Core\Dependencies\DotNetZip\Unity.VisualScripting.IonicZip.dll
Native extension for WindowsStandalone target not found
Refreshing native plugins compatible for Editor in 0.50 ms, found 3 plugins.
Preloading 0 native plugins for Editor in 0.00 ms.
Mono: successfully reloaded assembly
- Completed reload, in  0.963 seconds
Domain Reload Profiling:
	ReloadAssembly (963ms)
		BeginReloadAssembly (119ms)
			ExecutionOrderSort (0ms)
			DisableScriptedObjects (4ms)
			BackupInstance (0ms)
			ReleaseScriptingObjects (0ms)
			CreateAndSetChildDomain (30ms)
		EndReloadAssembly (783ms)
			LoadAssemblies (107ms)
			RebuildTransferFunctionScriptingTraits (0ms)
			SetupTypeCache (295ms)
			ReleaseScriptCaches (1ms)
			RebuildScriptCaches (39ms)
			SetupLoadedEditorAssemblies (264ms)
				LogAssemblyErrors (0ms)
				InitializePlatformSupportModulesInManaged (4ms)
				SetLoadedEditorAssemblies (0ms)
				RefreshPlugins (1ms)
				BeforeProcessingInitializeOnLoad (49ms)
				ProcessInitializeOnLoadAttributes (195ms)
				ProcessInitializeOnLoadMethodAttributes (5ms)
				AfterProcessingInitializeOnLoad (9ms)
				EditorAssembliesLoaded (0ms)
			ExecutionOrderSort2 (0ms)
			AwakeInstancesAfterBackupRestoration (7ms)
Platform modules already initialized, skipping
Refreshing native plugins compatible for Editor in 0.64 ms, found 3 plugins.
Preloading 0 native plugins for Editor in 0.00 ms.
Unloading 2941 Unused Serialized files (Serialized files now loaded: 0)
System memory in use before: 123.7 MB.
System memory in use after: 123.9 MB.

Unloading 18 unused Assets to reduce memory usage. Loaded Objects now: 3420.
Total: 2.304700 ms (FindLiveObjects: 0.213700 ms CreateObjectMapping: 0.112300 ms MarkObjects: 1.932600 ms  DeleteObjects: 0.045100 ms)

AssetImportParameters requested are different than current active one (requested -> active):
  custom:framework-win-MediaFoundation: 216162199b28c13a410421893ffa2e32 -> 
  custom:video-decoder-ogg-theora: a1e56fd34408186e4bbccfd4996cb3dc -> 
  custom:container-muxer-webm: aa71ff27fc2769a1b78a27578f13a17b -> 
  custom:container-demuxer-webm: 4f35f7cbe854078d1ac9338744f61a02 -> 
  custom:container-demuxer-ogg: 62fdf1f143b41e24485cea50d1cbac27 -> 
  custom:video-encoder-webm-vp8: eb34c28f22e8b96e1ab97ce403110664 -> 
  custom:video-decoder-webm-vp8: 9c59270c3fd7afecdb556c50c9e8de78 -> 
  custom:audio-decoder-ogg-vorbis: bf7c407c2cedff20999df2af8eb42d56 -> 
  custom:audio-encoder-webm-vorbis: bf7c407c2cedff20999df2af8eb42d56 -> 
========================================================================
Received Import Request.
  Time since last request: 442.624559 seconds.
  path: Assets/prefabs/Animal_Stag_01.prefab
  artifactKey: Guid(4515337eb9f136e4997afbea55e54cdc) Importer(815301076,1909f56bfc062723c751e8b465ee728b)
Start importing Assets/prefabs/Animal_Stag_01.prefab using Guid(4515337eb9f136e4997afbea55e54cdc) Importer(815301076,1909f56bfc062723c751e8b465ee728b)  -> (artifact id: 'b3ded9cbee3094c336bfdbd2eba7494e') in 0.056389 seconds 
========================================================================
Received Import Request.
  Time since last request: 6.782957 seconds.
  path: Assets/prefabs/Animal_Moose_01.prefab
  artifactKey: Guid(4132add8eb569324886612c6070f0c91) Importer(815301076,1909f56bfc062723c751e8b465ee728b)
Start importing Assets/prefabs/Animal_Moose_01.prefab using Guid(4132add8eb569324886612c6070f0c91) Importer(815301076,1909f56bfc062723c751e8b465ee728b)  -> (artifact id: '959d61d2c337e45214af4e92050b88ba') in 0.018610 seconds 
========================================================================
Received Import Request.
  Time since last request: 510.694455 seconds.
  path: Assets/prefabs/Animal_Moose_01.prefab
  artifactKey: Guid(4132add8eb569324886612c6070f0c91) Importer(815301076,1909f56bfc062723c751e8b465ee728b)
Start importing Assets/prefabs/Animal_Moose_01.prefab using Guid(4132add8eb569324886612c6070f0c91) Importer(815301076,1909f56bfc062723c751e8b465ee728b)  -> (artifact id: '067af3760068a66364e48fc7531f5ea9') in 0.027242 seconds 
========================================================================
Received Import Request.
  Time since last request: 5.977826 seconds.
  path: Assets/prefabs/Animal_Moose_01.prefab
  artifactKey: Guid(4132add8eb569324886612c6070f0c91) Importer(815301076,1909f56bfc062723c751e8b465ee728b)
Start importing Assets/prefabs/Animal_Moose_01.prefab using Guid(4132add8eb569324886612c6070f0c91) Importer(815301076,1909f56bfc062723c751e8b465ee728b)  -> (artifact id: '261c5c545b345fb61e8d238b1d89a43f') in 0.016439 seconds 
========================================================================
Received Import Request.
  Time since last request: 6.198771 seconds.
  path: Assets/prefabs/Animal_Moose_01.prefab
  artifactKey: Guid(4132add8eb569324886612c6070f0c91) Importer(815301076,1909f56bfc062723c751e8b465ee728b)
Start importing Assets/prefabs/Animal_Moose_01.prefab using Guid(4132add8eb569324886612c6070f0c91) Importer(815301076,1909f56bfc062723c751e8b465ee728b)  -> (artifact id: 'e0423a7282258990bb0249733a4dd6c7') in 0.020411 seconds 
========================================================================
Received Import Request.
  Time since last request: 2.801081 seconds.
  path: Assets/prefabs/Animal_Moose_01.prefab
  artifactKey: Guid(4132add8eb569324886612c6070f0c91) Importer(815301076,1909f56bfc062723c751e8b465ee728b)
Start importing Assets/prefabs/Animal_Moose_01.prefab using Guid(4132add8eb569324886612c6070f0c91) Importer(815301076,1909f56bfc062723c751e8b465ee728b)  -> (artifact id: '7727135fe45652440b2645d937cb6b6c') in 0.016562 seconds 
========================================================================
Received Import Request.
  Time since last request: 2.206682 seconds.
  path: Assets/prefabs/Animal_Moose_01.prefab
  artifactKey: Guid(4132add8eb569324886612c6070f0c91) Importer(815301076,1909f56bfc062723c751e8b465ee728b)
Start importing Assets/prefabs/Animal_Moose_01.prefab using Guid(4132add8eb569324886612c6070f0c91) Importer(815301076,1909f56bfc062723c751e8b465ee728b)  -> (artifact id: '800e73ff483c09f0481f032d7941d5b1') in 0.016823 seconds 
========================================================================
Received Import Request.
  Time since last request: 4.201586 seconds.
  path: Assets/prefabs/Animal_Moose_01.prefab
  artifactKey: Guid(4132add8eb569324886612c6070f0c91) Importer(815301076,1909f56bfc062723c751e8b465ee728b)
Start importing Assets/prefabs/Animal_Moose_01.prefab using Guid(4132add8eb569324886612c6070f0c91) Importer(815301076,1909f56bfc062723c751e8b465ee728b)  -> (artifact id: '996658d4490141c8ea79b0019e2d4955') in 0.018727 seconds 
========================================================================
Received Import Request.
  Time since last request: 6.031696 seconds.
  path: Assets/prefabs/Animal_Moose_01.prefab
  artifactKey: Guid(4132add8eb569324886612c6070f0c91) Importer(815301076,1909f56bfc062723c751e8b465ee728b)
Start importing Assets/prefabs/Animal_Moose_01.prefab using Guid(4132add8eb569324886612c6070f0c91) Importer(815301076,1909f56bfc062723c751e8b465ee728b)  -> (artifact id: 'd8c744168d5dbbd24cdb63587fbe8e77') in 0.015976 seconds 
========================================================================
Received Import Request.
  Time since last request: 1.999621 seconds.
  path: Assets/prefabs/Animal_Moose_01.prefab
  artifactKey: Guid(4132add8eb569324886612c6070f0c91) Importer(815301076,1909f56bfc062723c751e8b465ee728b)
Start importing Assets/prefabs/Animal_Moose_01.prefab using Guid(4132add8eb569324886612c6070f0c91) Importer(815301076,1909f56bfc062723c751e8b465ee728b)  -> (artifact id: 'c24d1679a9db2633615672dc1ac393a9') in 0.015984 seconds 
========================================================================
Received Import Request.
  Time since last request: 1.991636 seconds.
  path: Assets/prefabs/Animal_Moose_01.prefab
  artifactKey: Guid(4132add8eb569324886612c6070f0c91) Importer(815301076,1909f56bfc062723c751e8b465ee728b)
Start importing Assets/prefabs/Animal_Moose_01.prefab using Guid(4132add8eb569324886612c6070f0c91) Importer(815301076,1909f56bfc062723c751e8b465ee728b)  -> (artifact id: '621939abddfb5fdb30caf9b1f2636e6c') in 0.018772 seconds 
========================================================================
Received Import Request.
  Time since last request: 2.175011 seconds.
  path: Assets/prefabs/Animal_Moose_01.prefab
  artifactKey: Guid(4132add8eb569324886612c6070f0c91) Importer(815301076,1909f56bfc062723c751e8b465ee728b)
Start importing Assets/prefabs/Animal_Moose_01.prefab using Guid(4132add8eb569324886612c6070f0c91) Importer(815301076,1909f56bfc062723c751e8b465ee728b)  -> (artifact id: 'fa60331f350264b773272d0f666d9cda') in 0.017307 seconds 
========================================================================
Received Import Request.
  Time since last request: 15.907641 seconds.
  path: Assets/prefabs/Animal_Moose_02.prefab
  artifactKey: Guid(ae1566c6c6aa1484fbbcc7b54837e6cf) Importer(815301076,1909f56bfc062723c751e8b465ee728b)
Start importing Assets/prefabs/Animal_Moose_02.prefab using Guid(ae1566c6c6aa1484fbbcc7b54837e6cf) Importer(815301076,1909f56bfc062723c751e8b465ee728b)  -> (artifact id: '52b77590dc608f324bf384dd4dab44e2') in 0.015676 seconds 
========================================================================
Received Import Request.
  Time since last request: 7.810750 seconds.
  path: Assets/prefabs/Animal_Moose_02.prefab
  artifactKey: Guid(ae1566c6c6aa1484fbbcc7b54837e6cf) Importer(815301076,1909f56bfc062723c751e8b465ee728b)
Start importing Assets/prefabs/Animal_Moose_02.prefab using Guid(ae1566c6c6aa1484fbbcc7b54837e6cf) Importer(815301076,1909f56bfc062723c751e8b465ee728b)  -> (artifact id: '8847c645886d4e1b9a5281dee54c8a8e') in 0.015339 seconds 
========================================================================
Received Import Request.
  Time since last request: 2.385572 seconds.
  path: Assets/prefabs/Animal_Moose_02.prefab
  artifactKey: Guid(ae1566c6c6aa1484fbbcc7b54837e6cf) Importer(815301076,1909f56bfc062723c751e8b465ee728b)
Start importing Assets/prefabs/Animal_Moose_02.prefab using Guid(ae1566c6c6aa1484fbbcc7b54837e6cf) Importer(815301076,1909f56bfc062723c751e8b465ee728b)  -> (artifact id: 'cdc6fe67181102c8ef18ce8111108c3d') in 0.016294 seconds 
========================================================================
Received Import Request.
  Time since last request: 1.386871 seconds.
  path: Assets/prefabs/Animal_Moose_02.prefab
  artifactKey: Guid(ae1566c6c6aa1484fbbcc7b54837e6cf) Importer(815301076,1909f56bfc062723c751e8b465ee728b)
Start importing Assets/prefabs/Animal_Moose_02.prefab using Guid(ae1566c6c6aa1484fbbcc7b54837e6cf) Importer(815301076,1909f56bfc062723c751e8b465ee728b)  -> (artifact id: '9f4cf35d8b723d94b78397830ec40916') in 0.016170 seconds 
========================================================================
Received Import Request.
  Time since last request: 1.588274 seconds.
  path: Assets/prefabs/Animal_Moose_02.prefab
  artifactKey: Guid(ae1566c6c6aa1484fbbcc7b54837e6cf) Importer(815301076,1909f56bfc062723c751e8b465ee728b)
Start importing Assets/prefabs/Animal_Moose_02.prefab using Guid(ae1566c6c6aa1484fbbcc7b54837e6cf) Importer(815301076,1909f56bfc062723c751e8b465ee728b)  -> (artifact id: '90d67d57ffb140dce3a17eb5bae8f68b') in 0.015000 seconds 
========================================================================
Received Import Request.
  Time since last request: 1.986692 seconds.
  path: Assets/prefabs/Animal_Moose_02.prefab
  artifactKey: Guid(ae1566c6c6aa1484fbbcc7b54837e6cf) Importer(815301076,1909f56bfc062723c751e8b465ee728b)
Start importing Assets/prefabs/Animal_Moose_02.prefab using Guid(ae1566c6c6aa1484fbbcc7b54837e6cf) Importer(815301076,1909f56bfc062723c751e8b465ee728b)  -> (artifact id: 'd9a997af0f2269f560cb9dc825e84515') in 0.016445 seconds 
========================================================================
Received Import Request.
  Time since last request: 4.800308 seconds.
  path: Assets/prefabs/Animal_Moose_02.prefab
  artifactKey: Guid(ae1566c6c6aa1484fbbcc7b54837e6cf) Importer(815301076,1909f56bfc062723c751e8b465ee728b)
Start importing Assets/prefabs/Animal_Moose_02.prefab using Guid(ae1566c6c6aa1484fbbcc7b54837e6cf) Importer(815301076,1909f56bfc062723c751e8b465ee728b)  -> (artifact id: '92791b0c3742a0b3cc8d0e03f70d8688') in 0.014780 seconds 
========================================================================
Received Import Request.
  Time since last request: 2.193642 seconds.
  path: Assets/prefabs/Animal_Moose_02.prefab
  artifactKey: Guid(ae1566c6c6aa1484fbbcc7b54837e6cf) Importer(815301076,1909f56bfc062723c751e8b465ee728b)
Start importing Assets/prefabs/Animal_Moose_02.prefab using Guid(ae1566c6c6aa1484fbbcc7b54837e6cf) Importer(815301076,1909f56bfc062723c751e8b465ee728b)  -> (artifact id: 'a5f3567b792bdd051d67d1269798946c') in 0.015364 seconds 
========================================================================
Received Import Request.
  Time since last request: 6.446425 seconds.
  path: Assets/prefabs/Animal_Moose_02.prefab
  artifactKey: Guid(ae1566c6c6aa1484fbbcc7b54837e6cf) Importer(815301076,1909f56bfc062723c751e8b465ee728b)
Start importing Assets/prefabs/Animal_Moose_02.prefab using Guid(ae1566c6c6aa1484fbbcc7b54837e6cf) Importer(815301076,1909f56bfc062723c751e8b465ee728b)  -> (artifact id: '28437c8bab736b2b00b910d0db83f6f9') in 0.015203 seconds 
========================================================================
Received Import Request.
  Time since last request: 5.391809 seconds.
  path: Assets/prefabs/Animal_Moose_02.prefab
  artifactKey: Guid(ae1566c6c6aa1484fbbcc7b54837e6cf) Importer(815301076,1909f56bfc062723c751e8b465ee728b)
Start importing Assets/prefabs/Animal_Moose_02.prefab using Guid(ae1566c6c6aa1484fbbcc7b54837e6cf) Importer(815301076,1909f56bfc062723c751e8b465ee728b)  -> (artifact id: '77415bff281c04f862d651dfdad4a0c4') in 0.016481 seconds 
========================================================================
Received Import Request.
  Time since last request: 4.464638 seconds.
  path: Assets/prefabs/Animal_Stag_01.prefab
  artifactKey: Guid(4515337eb9f136e4997afbea55e54cdc) Importer(815301076,1909f56bfc062723c751e8b465ee728b)
Start importing Assets/prefabs/Animal_Stag_01.prefab using Guid(4515337eb9f136e4997afbea55e54cdc) Importer(815301076,1909f56bfc062723c751e8b465ee728b)  -> (artifact id: 'fb58781644b13b71f0a77b20b9dec756') in 0.017285 seconds 
========================================================================
Received Import Request.
  Time since last request: 2.563475 seconds.
  path: Assets/prefabs/Animal_Stag_01.prefab
  artifactKey: Guid(4515337eb9f136e4997afbea55e54cdc) Importer(815301076,1909f56bfc062723c751e8b465ee728b)
Start importing Assets/prefabs/Animal_Stag_01.prefab using Guid(4515337eb9f136e4997afbea55e54cdc) Importer(815301076,1909f56bfc062723c751e8b465ee728b)  -> (artifact id: 'd97192167c30502c2cf121de20c05ba6') in 0.015208 seconds 
========================================================================
Received Import Request.
  Time since last request: 3.214162 seconds.
  path: Assets/prefabs/Animal_Stag_01.prefab
  artifactKey: Guid(4515337eb9f136e4997afbea55e54cdc) Importer(815301076,1909f56bfc062723c751e8b465ee728b)
Start importing Assets/prefabs/Animal_Stag_01.prefab using Guid(4515337eb9f136e4997afbea55e54cdc) Importer(815301076,1909f56bfc062723c751e8b465ee728b)  -> (artifact id: '1ae48d6ff048a5420cf53c7839cac198') in 0.015433 seconds 
========================================================================
Received Import Request.
  Time since last request: 1.587893 seconds.
  path: Assets/prefabs/Animal_Stag_01.prefab
  artifactKey: Guid(4515337eb9f136e4997afbea55e54cdc) Importer(815301076,1909f56bfc062723c751e8b465ee728b)
Start importing Assets/prefabs/Animal_Stag_01.prefab using Guid(4515337eb9f136e4997afbea55e54cdc) Importer(815301076,1909f56bfc062723c751e8b465ee728b)  -> (artifact id: 'fe6af50b92427831e0d5fda04add6366') in 0.016275 seconds 
========================================================================
Received Import Request.
  Time since last request: 3.811950 seconds.
  path: Assets/prefabs/Animal_Stag_01.prefab
  artifactKey: Guid(4515337eb9f136e4997afbea55e54cdc) Importer(815301076,1909f56bfc062723c751e8b465ee728b)
Start importing Assets/prefabs/Animal_Stag_01.prefab using Guid(4515337eb9f136e4997afbea55e54cdc) Importer(815301076,1909f56bfc062723c751e8b465ee728b)  -> (artifact id: 'e98c6fcbc4a2d01c9642d424e140bd7b') in 0.015849 seconds 
========================================================================
Received Import Request.
  Time since last request: 1.779209 seconds.
  path: Assets/prefabs/Animal_Stag_01.prefab
  artifactKey: Guid(4515337eb9f136e4997afbea55e54cdc) Importer(815301076,1909f56bfc062723c751e8b465ee728b)
Start importing Assets/prefabs/Animal_Stag_01.prefab using Guid(4515337eb9f136e4997afbea55e54cdc) Importer(815301076,1909f56bfc062723c751e8b465ee728b)  -> (artifact id: '1e5b512e30fa36c19093cac69703a29a') in 0.015946 seconds 
========================================================================
Received Import Request.
  Time since last request: 5.232185 seconds.
  path: Assets/prefabs/Animal_Stag_01.prefab
  artifactKey: Guid(4515337eb9f136e4997afbea55e54cdc) Importer(815301076,1909f56bfc062723c751e8b465ee728b)
Start importing Assets/prefabs/Animal_Stag_01.prefab using Guid(4515337eb9f136e4997afbea55e54cdc) Importer(815301076,1909f56bfc062723c751e8b465ee728b)  -> (artifact id: 'beec51c56278d1ee168563f257688966') in 0.014772 seconds 
========================================================================
Received Import Request.
  Time since last request: 2.175429 seconds.
  path: Assets/prefabs/Animal_Stag_01.prefab
  artifactKey: Guid(4515337eb9f136e4997afbea55e54cdc) Importer(815301076,1909f56bfc062723c751e8b465ee728b)
Start importing Assets/prefabs/Animal_Stag_01.prefab using Guid(4515337eb9f136e4997afbea55e54cdc) Importer(815301076,1909f56bfc062723c751e8b465ee728b)  -> (artifact id: 'a00119ec74a7b463dff09e2e3e52d8f1') in 0.016372 seconds 
========================================================================
Received Import Request.
  Time since last request: 2.376978 seconds.
  path: Assets/prefabs/Animal_Stag_01.prefab
  artifactKey: Guid(4515337eb9f136e4997afbea55e54cdc) Importer(815301076,1909f56bfc062723c751e8b465ee728b)
Start importing Assets/prefabs/Animal_Stag_01.prefab using Guid(4515337eb9f136e4997afbea55e54cdc) Importer(815301076,1909f56bfc062723c751e8b465ee728b)  -> (artifact id: '9bf1054804369121fe15933973819bad') in 0.015605 seconds 
========================================================================
Received Import Request.
  Time since last request: 2.201668 seconds.
  path: Assets/prefabs/Animal_Stag_01.prefab
  artifactKey: Guid(4515337eb9f136e4997afbea55e54cdc) Importer(815301076,1909f56bfc062723c751e8b465ee728b)
Start importing Assets/prefabs/Animal_Stag_01.prefab using Guid(4515337eb9f136e4997afbea55e54cdc) Importer(815301076,1909f56bfc062723c751e8b465ee728b)  -> (artifact id: '86c765595b87c59d39ae13a9ceff42ba') in 0.017330 seconds 
========================================================================
Received Import Request.
  Time since last request: 11.896141 seconds.
  path: Assets/prefabs/Animal_Moose_01.prefab
  artifactKey: Guid(4132add8eb569324886612c6070f0c91) Importer(815301076,1909f56bfc062723c751e8b465ee728b)
Start importing Assets/prefabs/Animal_Moose_01.prefab using Guid(4132add8eb569324886612c6070f0c91) Importer(815301076,1909f56bfc062723c751e8b465ee728b)  -> (artifact id: 'df01e38f48374d8b9e10e596414a5db0') in 0.016989 seconds 
========================================================================
Received Import Request.
  Time since last request: 16.437098 seconds.
  path: Assets/prefabs/Food_Pizza_01.prefab
  artifactKey: Guid(82b84e90e7189734aa96b844c04b84db) Importer(815301076,1909f56bfc062723c751e8b465ee728b)
Start importing Assets/prefabs/Food_Pizza_01.prefab using Guid(82b84e90e7189734aa96b844c04b84db) Importer(815301076,1909f56bfc062723c751e8b465ee728b)  -> (artifact id: '35f1011cfc447bca29408999bd5939f9') in 0.013994 seconds 
========================================================================
Received Import Request.
  Time since last request: 5.250186 seconds.
  path: Assets/prefabs/Food_Pizza_01.prefab
  artifactKey: Guid(82b84e90e7189734aa96b844c04b84db) Importer(815301076,1909f56bfc062723c751e8b465ee728b)
Start importing Assets/prefabs/Food_Pizza_01.prefab using Guid(82b84e90e7189734aa96b844c04b84db) Importer(815301076,1909f56bfc062723c751e8b465ee728b)  -> (artifact id: '644785817d4aef644d5cd261cb34d464') in 0.009932 seconds 
========================================================================
Received Import Request.
  Time since last request: 3.350977 seconds.
  path: Assets/prefabs/Food_Pizza_01.prefab
  artifactKey: Guid(82b84e90e7189734aa96b844c04b84db) Importer(815301076,1909f56bfc062723c751e8b465ee728b)
Start importing Assets/prefabs/Food_Pizza_01.prefab using Guid(82b84e90e7189734aa96b844c04b84db) Importer(815301076,1909f56bfc062723c751e8b465ee728b)  -> (artifact id: '905460ad33bf661fdb70ee31fef2769d') in 0.010892 seconds 
========================================================================
Received Import Request.
  Time since last request: 1.976155 seconds.
  path: Assets/prefabs/Food_Pizza_01.prefab
  artifactKey: Guid(82b84e90e7189734aa96b844c04b84db) Importer(815301076,1909f56bfc062723c751e8b465ee728b)
Start importing Assets/prefabs/Food_Pizza_01.prefab using Guid(82b84e90e7189734aa96b844c04b84db) Importer(815301076,1909f56bfc062723c751e8b465ee728b)  -> (artifact id: 'dc4240e774a3623f9b9f2dae0e69eb4d') in 0.010832 seconds 
========================================================================
Received Import Request.
  Time since last request: 49.700176 seconds.
  path: Assets/Script/DetectCollisions.cs
  artifactKey: Guid(ac919a670df51a8449730e28f4cdaa4d) Importer(815301076,1909f56bfc062723c751e8b465ee728b)
Start importing Assets/Script/DetectCollisions.cs using Guid(ac919a670df51a8449730e28f4cdaa4d) Importer(815301076,1909f56bfc062723c751e8b465ee728b)  -> (artifact id: 'a492069cc57e0038748e65b6c980e213') in 0.002851 seconds 
========================================================================
Received Prepare
Registering precompiled user dll's ...
Registered in 0.009500 seconds.
Begin MonoManager ReloadAssembly
Symbol file LoadedFromMemory doesn't match image C:\Users\hillaid22\Documents\GitHub\Proto2_Hill\Proto2_Hill\Library\PackageCache\com.unity.visualscripting@1.6.1\Editor\VisualScripting.Core\Dependencies\YamlDotNet\Unity.VisualScripting.YamlDotNet.dll
Symbol file LoadedFromMemory doesn't match image C:\Users\hillaid22\Documents\GitHub\Proto2_Hill\Proto2_Hill\Library\PackageCache\com.unity.visualscripting@1.6.1\Editor\VisualScripting.Core\Dependencies\DotNetZip\Unity.VisualScripting.IonicZip.dll
Native extension for WindowsStandalone target not found
Refreshing native plugins compatible for Editor in 0.52 ms, found 3 plugins.
Preloading 0 native plugins for Editor in 0.00 ms.
Mono: successfully reloaded assembly
- Completed reload, in  1.005 seconds
Domain Reload Profiling:
	ReloadAssembly (1006ms)
		BeginReloadAssembly (132ms)
			ExecutionOrderSort (0ms)
			DisableScriptedObjects (4ms)
			BackupInstance (0ms)
			ReleaseScriptingObjects (0ms)
			CreateAndSetChildDomain (33ms)
		EndReloadAssembly (810ms)
			LoadAssemblies (111ms)
			RebuildTransferFunctionScriptingTraits (0ms)
			SetupTypeCache (312ms)
			ReleaseScriptCaches (1ms)
			RebuildScriptCaches (38ms)
			SetupLoadedEditorAssemblies (275ms)
				LogAssemblyErrors (0ms)
				InitializePlatformSupportModulesInManaged (5ms)
				SetLoadedEditorAssemblies (0ms)
				RefreshPlugins (1ms)
				BeforeProcessingInitializeOnLoad (50ms)
				ProcessInitializeOnLoadAttributes (208ms)
				ProcessInitializeOnLoadMethodAttributes (4ms)
				AfterProcessingInitializeOnLoad (8ms)
				EditorAssembliesLoaded (0ms)
			ExecutionOrderSort2 (0ms)
			AwakeInstancesAfterBackupRestoration (6ms)
Platform modules already initialized, skipping
Refreshing native plugins compatible for Editor in 0.56 ms, found 3 plugins.
Preloading 0 native plugins for Editor in 0.00 ms.
Unloading 2942 Unused Serialized files (Serialized files now loaded: 0)
System memory in use before: 124.0 MB.
System memory in use after: 124.2 MB.

Unloading 18 unused Assets to reduce memory usage. Loaded Objects now: 3425.
Total: 2.307300 ms (FindLiveObjects: 0.210300 ms CreateObjectMapping: 0.101800 ms MarkObjects: 1.949200 ms  DeleteObjects: 0.045000 ms)

AssetImportParameters requested are different than current active one (requested -> active):
  custom:framework-win-MediaFoundation: 216162199b28c13a410421893ffa2e32 -> 
  custom:video-decoder-ogg-theora: a1e56fd34408186e4bbccfd4996cb3dc -> 
  custom:container-muxer-webm: aa71ff27fc2769a1b78a27578f13a17b -> 
  custom:container-demuxer-webm: 4f35f7cbe854078d1ac9338744f61a02 -> 
  custom:container-demuxer-ogg: 62fdf1f143b41e24485cea50d1cbac27 -> 
  custom:video-encoder-webm-vp8: eb34c28f22e8b96e1ab97ce403110664 -> 
  custom:video-decoder-webm-vp8: 9c59270c3fd7afecdb556c50c9e8de78 -> 
  custom:audio-decoder-ogg-vorbis: bf7c407c2cedff20999df2af8eb42d56 -> 
  custom:audio-encoder-webm-vorbis: bf7c407c2cedff20999df2af8eb42d56 -> 
========================================================================
Received Import Request.
  Time since last request: 48.806210 seconds.
  path: Assets/Script/DetectCollisions.cs
  artifactKey: Guid(ac919a670df51a8449730e28f4cdaa4d) Importer(815301076,1909f56bfc062723c751e8b465ee728b)
Start importing Assets/Script/DetectCollisions.cs using Guid(ac919a670df51a8449730e28f4cdaa4d) Importer(815301076,1909f56bfc062723c751e8b465ee728b)  -> (artifact id: '0b0786bb85f8b1b5389369d10221c906') in 0.005853 seconds 
========================================================================
Received Prepare
Registering precompiled user dll's ...
Registered in 0.009485 seconds.
Begin MonoManager ReloadAssembly
Symbol file LoadedFromMemory doesn't match image C:\Users\hillaid22\Documents\GitHub\Proto2_Hill\Proto2_Hill\Library\PackageCache\com.unity.visualscripting@1.6.1\Editor\VisualScripting.Core\Dependencies\YamlDotNet\Unity.VisualScripting.YamlDotNet.dll
Symbol file LoadedFromMemory doesn't match image C:\Users\hillaid22\Documents\GitHub\Proto2_Hill\Proto2_Hill\Library\PackageCache\com.unity.visualscripting@1.6.1\Editor\VisualScripting.Core\Dependencies\DotNetZip\Unity.VisualScripting.IonicZip.dll
Native extension for WindowsStandalone target not found
Refreshing native plugins compatible for Editor in 0.65 ms, found 3 plugins.
Preloading 0 native plugins for Editor in 0.00 ms.
Mono: successfully reloaded assembly
- Completed reload, in  0.992 seconds
Domain Reload Profiling:
	ReloadAssembly (993ms)
		BeginReloadAssembly (124ms)
			ExecutionOrderSort (0ms)
			DisableScriptedObjects (4ms)
			BackupInstance (0ms)
			ReleaseScriptingObjects (0ms)
			CreateAndSetChildDomain (31ms)
		EndReloadAssembly (807ms)
			LoadAssemblies (117ms)
			RebuildTransferFunctionScriptingTraits (0ms)
			SetupTypeCache (301ms)
			ReleaseScriptCaches (1ms)
			RebuildScriptCaches (41ms)
			SetupLoadedEditorAssemblies (274ms)
				LogAssemblyErrors (0ms)
				InitializePlatformSupportModulesInManaged (5ms)
				SetLoadedEditorAssemblies (0ms)
				RefreshPlugins (1ms)
				BeforeProcessingInitializeOnLoad (49ms)
				ProcessInitializeOnLoadAttributes (207ms)
				ProcessInitializeOnLoadMethodAttributes (4ms)
				AfterProcessingInitializeOnLoad (8ms)
				EditorAssembliesLoaded (0ms)
			ExecutionOrderSort2 (0ms)
			AwakeInstancesAfterBackupRestoration (7ms)
Platform modules already initialized, skipping
Refreshing native plugins compatible for Editor in 0.50 ms, found 3 plugins.
Preloading 0 native plugins for Editor in 0.00 ms.
Unloading 2942 Unused Serialized files (Serialized files now loaded: 0)
System memory in use before: 124.0 MB.
System memory in use after: 124.2 MB.

Unloading 18 unused Assets to reduce memory usage. Loaded Objects now: 3428.
Total: 2.313400 ms (FindLiveObjects: 0.299400 ms CreateObjectMapping: 0.154800 ms MarkObjects: 1.806100 ms  DeleteObjects: 0.051900 ms)

AssetImportParameters requested are different than current active one (requested -> active):
  custom:framework-win-MediaFoundation: 216162199b28c13a410421893ffa2e32 -> 
  custom:video-decoder-ogg-theora: a1e56fd34408186e4bbccfd4996cb3dc -> 
  custom:container-muxer-webm: aa71ff27fc2769a1b78a27578f13a17b -> 
  custom:container-demuxer-webm: 4f35f7cbe854078d1ac9338744f61a02 -> 
  custom:container-demuxer-ogg: 62fdf1f143b41e24485cea50d1cbac27 -> 
  custom:video-encoder-webm-vp8: eb34c28f22e8b96e1ab97ce403110664 -> 
  custom:video-decoder-webm-vp8: 9c59270c3fd7afecdb556c50c9e8de78 -> 
  custom:audio-decoder-ogg-vorbis: bf7c407c2cedff20999df2af8eb42d56 -> 
  custom:audio-encoder-webm-vorbis: bf7c407c2cedff20999df2af8eb42d56 -> 
========================================================================
Received Import Request.
  Time since last request: 75.218142 seconds.
  path: Assets/Script/DetectCollisions.cs
  artifactKey: Guid(ac919a670df51a8449730e28f4cdaa4d) Importer(815301076,1909f56bfc062723c751e8b465ee728b)
Start importing Assets/Script/DetectCollisions.cs using Guid(ac919a670df51a8449730e28f4cdaa4d) Importer(815301076,1909f56bfc062723c751e8b465ee728b)  -> (artifact id: '136ffffb2a1269b422d27bf5056e2fe8') in 0.005608 seconds 
========================================================================
Received Prepare
Registering precompiled user dll's ...
Registered in 0.009424 seconds.
Begin MonoManager ReloadAssembly
Symbol file LoadedFromMemory doesn't match image C:\Users\hillaid22\Documents\GitHub\Proto2_Hill\Proto2_Hill\Library\PackageCache\com.unity.visualscripting@1.6.1\Editor\VisualScripting.Core\Dependencies\YamlDotNet\Unity.VisualScripting.YamlDotNet.dll
Symbol file LoadedFromMemory doesn't match image C:\Users\hillaid22\Documents\GitHub\Proto2_Hill\Proto2_Hill\Library\PackageCache\com.unity.visualscripting@1.6.1\Editor\VisualScripting.Core\Dependencies\DotNetZip\Unity.VisualScripting.IonicZip.dll
Native extension for WindowsStandalone target not found
Refreshing native plugins compatible for Editor in 0.51 ms, found 3 plugins.
Preloading 0 native plugins for Editor in 0.00 ms.
Mono: successfully reloaded assembly
- Completed reload, in  0.941 seconds
Domain Reload Profiling:
	ReloadAssembly (942ms)
		BeginReloadAssembly (126ms)
			ExecutionOrderSort (0ms)
			DisableScriptedObjects (4ms)
			BackupInstance (0ms)
			ReleaseScriptingObjects (0ms)
			CreateAndSetChildDomain (31ms)
		EndReloadAssembly (758ms)
			LoadAssemblies (106ms)
			RebuildTransferFunctionScriptingTraits (0ms)
			SetupTypeCache (290ms)
			ReleaseScriptCaches (1ms)
			RebuildScriptCaches (35ms)
			SetupLoadedEditorAssemblies (257ms)
				LogAssemblyErrors (0ms)
				InitializePlatformSupportModulesInManaged (4ms)
				SetLoadedEditorAssemblies (0ms)
				RefreshPlugins (1ms)
				BeforeProcessingInitializeOnLoad (48ms)
				ProcessInitializeOnLoadAttributes (192ms)
				ProcessInitializeOnLoadMethodAttributes (4ms)
				AfterProcessingInitializeOnLoad (8ms)
				EditorAssembliesLoaded (0ms)
			ExecutionOrderSort2 (0ms)
			AwakeInstancesAfterBackupRestoration (6ms)
Platform modules already initialized, skipping
Refreshing native plugins compatible for Editor in 0.64 ms, found 3 plugins.
Preloading 0 native plugins for Editor in 0.00 ms.
Unloading 2942 Unused Serialized files (Serialized files now loaded: 0)
System memory in use before: 124.0 MB.
System memory in use after: 124.2 MB.

Unloading 18 unused Assets to reduce memory usage. Loaded Objects now: 3431.
Total: 2.343200 ms (FindLiveObjects: 0.205500 ms CreateObjectMapping: 0.095300 ms MarkObjects: 1.995200 ms  DeleteObjects: 0.046100 ms)

AssetImportParameters requested are different than current active one (requested -> active):
  custom:framework-win-MediaFoundation: 216162199b28c13a410421893ffa2e32 -> 
  custom:video-decoder-ogg-theora: a1e56fd34408186e4bbccfd4996cb3dc -> 
  custom:container-muxer-webm: aa71ff27fc2769a1b78a27578f13a17b -> 
  custom:container-demuxer-webm: 4f35f7cbe854078d1ac9338744f61a02 -> 
  custom:container-demuxer-ogg: 62fdf1f143b41e24485cea50d1cbac27 -> 
  custom:video-encoder-webm-vp8: eb34c28f22e8b96e1ab97ce403110664 -> 
  custom:video-decoder-webm-vp8: 9c59270c3fd7afecdb556c50c9e8de78 -> 
  custom:audio-decoder-ogg-vorbis: bf7c407c2cedff20999df2af8eb42d56 -> 
  custom:audio-encoder-webm-vorbis: bf7c407c2cedff20999df2af8eb42d56 -> 
========================================================================
Received Prepare
Registering precompiled user dll's ...
Registered in 0.009552 seconds.
Begin MonoManager ReloadAssembly
Symbol file LoadedFromMemory doesn't match image C:\Users\hillaid22\Documents\GitHub\Proto2_Hill\Proto2_Hill\Library\PackageCache\com.unity.visualscripting@1.6.1\Editor\VisualScripting.Core\Dependencies\YamlDotNet\Unity.VisualScripting.YamlDotNet.dll
Symbol file LoadedFromMemory doesn't match image C:\Users\hillaid22\Documents\GitHub\Proto2_Hill\Proto2_Hill\Library\PackageCache\com.unity.visualscripting@1.6.1\Editor\VisualScripting.Core\Dependencies\DotNetZip\Unity.VisualScripting.IonicZip.dll
Native extension for WindowsStandalone target not found
Refreshing native plugins compatible for Editor in 0.52 ms, found 3 plugins.
Preloading 0 native plugins for Editor in 0.00 ms.
Mono: successfully reloaded assembly
- Completed reload, in  0.955 seconds
Domain Reload Profiling:
	ReloadAssembly (955ms)
		BeginReloadAssembly (133ms)
			ExecutionOrderSort (0ms)
			DisableScriptedObjects (4ms)
			BackupInstance (0ms)
			ReleaseScriptingObjects (0ms)
			CreateAndSetChildDomain (40ms)
		EndReloadAssembly (763ms)
			LoadAssemblies (109ms)
			RebuildTransferFunctionScriptingTraits (0ms)
			SetupTypeCache (294ms)
			ReleaseScriptCaches (1ms)
			RebuildScriptCaches (35ms)
			SetupLoadedEditorAssemblies (257ms)
				LogAssemblyErrors (0ms)
				InitializePlatformSupportModulesInManaged (4ms)
				SetLoadedEditorAssemblies (0ms)
				RefreshPlugins (1ms)
				BeforeProcessingInitializeOnLoad (49ms)
				ProcessInitializeOnLoadAttributes (192ms)
				ProcessInitializeOnLoadMethodAttributes (4ms)
				AfterProcessingInitializeOnLoad (8ms)
				EditorAssembliesLoaded (0ms)
			ExecutionOrderSort2 (0ms)
			AwakeInstancesAfterBackupRestoration (6ms)
Platform modules already initialized, skipping
Refreshing native plugins compatible for Editor in 0.51 ms, found 3 plugins.
Preloading 0 native plugins for Editor in 0.00 ms.
Unloading 2942 Unused Serialized files (Serialized files now loaded: 0)
System memory in use before: 124.0 MB.
System memory in use after: 124.2 MB.

Unloading 18 unused Assets to reduce memory usage. Loaded Objects now: 3434.
Total: 2.391800 ms (FindLiveObjects: 0.245400 ms CreateObjectMapping: 0.114300 ms MarkObjects: 1.985700 ms  DeleteObjects: 0.045700 ms)

AssetImportParameters requested are different than current active one (requested -> active):
  custom:framework-win-MediaFoundation: 216162199b28c13a410421893ffa2e32 -> 
  custom:video-decoder-ogg-theora: a1e56fd34408186e4bbccfd4996cb3dc -> 
  custom:container-muxer-webm: aa71ff27fc2769a1b78a27578f13a17b -> 
  custom:container-demuxer-webm: 4f35f7cbe854078d1ac9338744f61a02 -> 
  custom:container-demuxer-ogg: 62fdf1f143b41e24485cea50d1cbac27 -> 
  custom:video-encoder-webm-vp8: eb34c28f22e8b96e1ab97ce403110664 -> 
  custom:video-decoder-webm-vp8: 9c59270c3fd7afecdb556c50c9e8de78 -> 
  custom:audio-decoder-ogg-vorbis: bf7c407c2cedff20999df2af8eb42d56 -> 
  custom:audio-encoder-webm-vorbis: bf7c407c2cedff20999df2af8eb42d56 -> 
========================================================================
Received Import Request.
  Time since last request: 224.940062 seconds.
  path: Assets/prefabs/Animal_Moose_01.prefab
  artifactKey: Guid(4132add8eb569324886612c6070f0c91) Importer(815301076,1909f56bfc062723c751e8b465ee728b)
Start importing Assets/prefabs/Animal_Moose_01.prefab using Guid(4132add8eb569324886612c6070f0c91) Importer(815301076,1909f56bfc062723c751e8b465ee728b)  -> (artifact id: 'a5fe6d49d2bcb670cde4ab56225bbf98') in 0.059944 seconds 
========================================================================
Received Import Request.
  Time since last request: 10.623422 seconds.
  path: Assets/prefabs/Animal_Moose_02.prefab
  artifactKey: Guid(ae1566c6c6aa1484fbbcc7b54837e6cf) Importer(815301076,1909f56bfc062723c751e8b465ee728b)
Start importing Assets/prefabs/Animal_Moose_02.prefab using Guid(ae1566c6c6aa1484fbbcc7b54837e6cf) Importer(815301076,1909f56bfc062723c751e8b465ee728b)  -> (artifact id: '9ed53e5295884aa14518100995d6001c') in 0.016706 seconds 
========================================================================
Received Import Request.
  Time since last request: 7.927290 seconds.
  path: Assets/prefabs/Animal_Stag_01.prefab
  artifactKey: Guid(4515337eb9f136e4997afbea55e54cdc) Importer(815301076,1909f56bfc062723c751e8b465ee728b)
Start importing Assets/prefabs/Animal_Stag_01.prefab using Guid(4515337eb9f136e4997afbea55e54cdc) Importer(815301076,1909f56bfc062723c751e8b465ee728b)  -> (artifact id: '2d75adbd5a730004774a60d14eecafe2') in 0.016934 seconds 
========================================================================
Received Prepare
Registering precompiled user dll's ...
Registered in 0.009346 seconds.
Begin MonoManager ReloadAssembly
Symbol file LoadedFromMemory doesn't match image C:\Users\hillaid22\Documents\GitHub\Proto2_Hill\Proto2_Hill\Library\PackageCache\com.unity.visualscripting@1.6.1\Editor\VisualScripting.Core\Dependencies\YamlDotNet\Unity.VisualScripting.YamlDotNet.dll
Symbol file LoadedFromMemory doesn't match image C:\Users\hillaid22\Documents\GitHub\Proto2_Hill\Proto2_Hill\Library\PackageCache\com.unity.visualscripting@1.6.1\Editor\VisualScripting.Core\Dependencies\DotNetZip\Unity.VisualScripting.IonicZip.dll
Native extension for WindowsStandalone target not found
Refreshing native plugins compatible for Editor in 0.49 ms, found 3 plugins.
Preloading 0 native plugins for Editor in 0.00 ms.
Mono: successfully reloaded assembly
- Completed reload, in  0.925 seconds
Domain Reload Profiling:
	ReloadAssembly (925ms)
		BeginReloadAssembly (116ms)
			ExecutionOrderSort (0ms)
			DisableScriptedObjects (4ms)
			BackupInstance (0ms)
			ReleaseScriptingObjects (0ms)
			CreateAndSetChildDomain (31ms)
		EndReloadAssembly (751ms)
			LoadAssemblies (105ms)
			RebuildTransferFunctionScriptingTraits (0ms)
			SetupTypeCache (284ms)
			ReleaseScriptCaches (1ms)
			RebuildScriptCaches (34ms)
			SetupLoadedEditorAssemblies (259ms)
				LogAssemblyErrors (0ms)
				InitializePlatformSupportModulesInManaged (4ms)
				SetLoadedEditorAssemblies (0ms)
				RefreshPlugins (1ms)
				BeforeProcessingInitializeOnLoad (48ms)
				ProcessInitializeOnLoadAttributes (193ms)
				ProcessInitializeOnLoadMethodAttributes (4ms)
				AfterProcessingInitializeOnLoad (8ms)
				EditorAssembliesLoaded (0ms)
			ExecutionOrderSort2 (0ms)
			AwakeInstancesAfterBackupRestoration (6ms)
Platform modules already initialized, skipping
Refreshing native plugins compatible for Editor in 0.53 ms, found 3 plugins.
Preloading 0 native plugins for Editor in 0.00 ms.
Unloading 2942 Unused Serialized files (Serialized files now loaded: 0)
System memory in use before: 124.0 MB.
System memory in use after: 124.2 MB.

Unloading 18 unused Assets to reduce memory usage. Loaded Objects now: 3438.
Total: 2.334600 ms (FindLiveObjects: 0.222400 ms CreateObjectMapping: 0.106300 ms MarkObjects: 1.956500 ms  DeleteObjects: 0.048300 ms)

AssetImportParameters requested are different than current active one (requested -> active):
  custom:framework-win-MediaFoundation: 216162199b28c13a410421893ffa2e32 -> 
  custom:video-decoder-ogg-theora: a1e56fd34408186e4bbccfd4996cb3dc -> 
  custom:container-muxer-webm: aa71ff27fc2769a1b78a27578f13a17b -> 
  custom:container-demuxer-webm: 4f35f7cbe854078d1ac9338744f61a02 -> 
  custom:container-demuxer-ogg: 62fdf1f143b41e24485cea50d1cbac27 -> 
  custom:video-encoder-webm-vp8: eb34c28f22e8b96e1ab97ce403110664 -> 
  custom:video-decoder-webm-vp8: 9c59270c3fd7afecdb556c50c9e8de78 -> 
  custom:audio-decoder-ogg-vorbis: bf7c407c2cedff20999df2af8eb42d56 -> 
  custom:audio-encoder-webm-vorbis: bf7c407c2cedff20999df2af8eb42d56 -> 
AssetImportWorkerClient::OnTransportError - code=2 error=End of file
